
[2024-08-16 16:12:57] -> Synchronizing folder 'replica' with folder 'source'..
Changes:
- Created directory 'replica\folder1'.
- Copied file 'source\file1' to 'replica\file1' (66 bytes).
- Copied file 'source\file2' to 'replica\file2' (72 bytes).
- Copied file 'source\folder1\file_in_folder' to 'replica\folder1\file_in_folder' (113 bytes).
Summary: 3 files added (251 bytes), 0 files changed (0 bytes), 0 files removed (0 bytes), 1 directories added, 0 directories removed.
Synchronization completed in 0.00 seconds.

[2024-08-16 16:13:22] -> Synchronizing folder 'replica' with folder 'source'..
Changes:
- Updated file 'replica\file1' with new content (35 bytes added).
Summary: 0 files added (0 bytes), 1 files changed (35 bytes), 0 files removed (0 bytes), 0 directories added, 0 directories removed.
Synchronization completed in 0.00 seconds.

[2024-08-16 16:13:47] -> Synchronizing folder 'replica' with folder 'source'..
Changes:
- Copied file 'source\file3' to 'replica\file3' (76 bytes).
Summary: 1 files added (76 bytes), 0 files changed (0 bytes), 0 files removed (0 bytes), 0 directories added, 0 directories removed.
Synchronization completed in 0.01 seconds.

[2024-08-16 16:14:12] -> Synchronizing folder 'replica' with folder 'source'..
Changes:
- Removed file 'replica\file3' (76 bytes).
Summary: 0 files added (0 bytes), 0 files changed (0 bytes), 1 files removed (76 bytes), 0 directories added, 0 directories removed.
Synchronization completed in 0.00 seconds.

[2024-08-16 16:14:37] -> Synchronizing folder 'replica' with folder 'source'..
Changes:
- Copied file 'source\file2' to 'replica\file2' (72 bytes).
- Updated file 'replica\folder1\file_in_folder' with new content (37 bytes removed).
Summary: 1 files added (72 bytes), 1 files changed (37 bytes), 0 files removed (0 bytes), 0 directories added, 0 directories removed.
Synchronization completed in 0.00 seconds.


